0 info it worked if it ends with ok
1 verbose cli [ '/usr/local/bin/iojs', '/usr/local/bin/npm', 'start' ]
2 info using npm@2.14.3
3 info using node@v3.3.1
4 verbose run-script [ 'prestart', 'start', 'poststart' ]
5 info prestart simplepeer@1.0.0
6 info start simplepeer@1.0.0
7 verbose unsafe-perm in lifecycle true
8 info simplepeer@1.0.0 Failed to exec start script
9 verbose stack Error: simplepeer@1.0.0 start: `budo index.js`
9 verbose stack spawn ENOENT
9 verbose stack     at ChildProcess.<anonymous> (/usr/local/lib/node_modules/npm/lib/utils/spawn.js:17:16)
9 verbose stack     at emitTwo (events.js:87:13)
9 verbose stack     at ChildProcess.emit (events.js:172:7)
9 verbose stack     at maybeClose (internal/child_process.js:764:16)
9 verbose stack     at Process.ChildProcess._handle.onexit (internal/child_process.js:211:5)
10 verbose pkgid simplepeer@1.0.0
11 verbose cwd /Users/mike/Documents/HTML/Experiments/Node/SimplePeer
12 error Darwin 15.3.0
13 error argv "/usr/local/bin/iojs" "/usr/local/bin/npm" "start"
14 error node v3.3.1
15 error npm  v2.14.3
16 error file sh
17 error code ELIFECYCLE
18 error errno ENOENT
19 error syscall spawn
20 error simplepeer@1.0.0 start: `budo index.js`
20 error spawn ENOENT
21 error Failed at the simplepeer@1.0.0 start script 'budo index.js'.
21 error This is most likely a problem with the simplepeer package,
21 error not with npm itself.
21 error Tell the author that this fails on your system:
21 error     budo index.js
21 error You can get their info via:
21 error     npm owner ls simplepeer
21 error There is likely additional logging output above.
22 verbose exit [ 1, true ]
